[{"line":2,"elements":[{"start_timestamp":"2024-04-19T05:50:51.574Z","line":11,"name":"Successfully login to tokopedia","description":"","id":"login-tokopedia;successfully-login-to-tokopedia;;2","type":"scenario","keyword":"Scenario Outline","steps":[{"result":{"duration":13089085300,"status":"passed"},"line":5,"name":"Navigate to tokopedia login page","match":{"location":"stepDefinition.LoginStepDefinitions.navigate_to_tokopedia_login_page()"},"keyword":"Given "},{"result":{"duration":1179837000,"status":"passed"},"line":6,"name":"user login into web with miariany@yahoo.com and password 987654321","match":{"arguments":[{"val":"miariany@yahoo.com","offset":25},{"val":"987654321","offset":57}],"location":"stepDefinition.LoginStepDefinitions.user_input_name_and_password(java.lang.String,java.lang.String)"},"keyword":"When "},{"result":{"error_message":"org.openqa.selenium.NoSuchElementException: no such element: Unable to locate element: {\"method\":\"xpath\",\"selector\":\"loginUI.btn_click_login\"}\n  (Session info: chrome=123.0.6312.123)\nFor documentation on this error, please visit: https://www.selenium.dev/documentation/webdriver/troubleshooting/errors#no-such-element-exception\nBuild info: version: '4.19.1', revision: 'abe0ee07dc'\nSystem info: os.name: 'Windows 11', os.arch: 'amd64', os.version: '10.0', java.version: '17.0.9'\nDriver info: org.openqa.selenium.chrome.ChromeDriver\nCommand: [dfc0e90532f79d1270e115c58df47fd4, findElement {value=loginUI.btn_click_login, using=xpath}]\nCapabilities {acceptInsecureCerts: false, browserName: chrome, browserVersion: 123.0.6312.123, chrome: {chromedriverVersion: 123.0.6312.122 (31f8248cdd9..., userDataDir: C:\\Users\\syahmia\\AppData\\Lo...}, fedcm:accounts: true, goog:chromeOptions: {debuggerAddress: localhost:53763}, networkConnectionEnabled: false, pageLoadStrategy: normal, platformName: windows, proxy: Proxy(), se:cdp: ws://localhost:53763/devtoo..., se:cdpVersion: 123.0.6312.123, setWindowRect: true, strictFileInteractability: false, timeouts: {implicit: 0, pageLoad: 300000, script: 30000}, unhandledPromptBehavior: dismiss and notify, webauthn:extension:credBlob: true, webauthn:extension:largeBlob: true, webauthn:extension:minPinLength: true, webauthn:extension:prf: true, webauthn:virtualAuthenticators: true}\nSession ID: dfc0e90532f79d1270e115c58df47fd4\r\n\tat java.base/jdk.internal.reflect.NativeConstructorAccessorImpl.newInstance0(Native Method)\r\n\tat java.base/jdk.internal.reflect.NativeConstructorAccessorImpl.newInstance(NativeConstructorAccessorImpl.java:77)\r\n\tat java.base/jdk.internal.reflect.DelegatingConstructorAccessorImpl.newInstance(DelegatingConstructorAccessorImpl.java:45)\r\n\tat java.base/java.lang.reflect.Constructor.newInstanceWithCaller(Constructor.java:499)\r\n\tat java.base/java.lang.reflect.Constructor.newInstance(Constructor.java:480)\r\n\tat org.openqa.selenium.remote.ErrorCodec.decode(ErrorCodec.java:167)\r\n\tat org.openqa.selenium.remote.codec.w3c.W3CHttpResponseCodec.decode(W3CHttpResponseCodec.java:138)\r\n\tat org.openqa.selenium.remote.codec.w3c.W3CHttpResponseCodec.decode(W3CHttpResponseCodec.java:50)\r\n\tat org.openqa.selenium.remote.HttpCommandExecutor.execute(HttpCommandExecutor.java:190)\r\n\tat org.openqa.selenium.remote.service.DriverCommandExecutor.invokeExecute(DriverCommandExecutor.java:216)\r\n\tat org.openqa.selenium.remote.service.DriverCommandExecutor.execute(DriverCommandExecutor.java:174)\r\n\tat org.openqa.selenium.remote.RemoteWebDriver.execute(RemoteWebDriver.java:518)\r\n\tat org.openqa.selenium.remote.ElementLocation$ElementFinder$2.findElement(ElementLocation.java:165)\r\n\tat org.openqa.selenium.remote.ElementLocation.findElement(ElementLocation.java:59)\r\n\tat org.openqa.selenium.remote.RemoteWebDriver.findElement(RemoteWebDriver.java:355)\r\n\tat org.openqa.selenium.remote.RemoteWebDriver.findElement(RemoteWebDriver.java:349)\r\n\tat com.nabati.library.CommonLibrary.click(CommonLibrary.java:24)\r\n\tat stepDefinition.LoginStepDefinitions.click_login_button(LoginStepDefinitions.java:42)\r\n\tat ✽.click login button(file:///C:/Users/syahmia/eclipse-workspace/AutomationToped/Features/loginPage.feature:7)\r\n","duration":3035841900,"status":"failed"},"line":7,"name":"click login button","match":{"location":"stepDefinition.LoginStepDefinitions.click_login_button()"},"keyword":"And "},{"result":{"duration":1994700,"status":"skipped"},"line":8,"name":"user home page is displayed","match":{"location":"stepDefinition.LoginStepDefinitions.user_home_page_is_displayed()"},"keyword":"Then "}]},{"start_timestamp":"2024-04-19T05:51:09.064Z","line":12,"name":"Successfully login to tokopedia","description":"","id":"login-tokopedia;successfully-login-to-tokopedia;;3","type":"scenario","keyword":"Scenario Outline","steps":[{"result":{"duration":10583348800,"status":"passed"},"line":5,"name":"Navigate to tokopedia login page","match":{"location":"stepDefinition.LoginStepDefinitions.navigate_to_tokopedia_login_page()"},"keyword":"Given "},{"result":{"error_message":"org.openqa.selenium.NoSuchElementException: no such element: Unable to locate element: {\"method\":\"xpath\",\"selector\":\"//input[@id='password-input']\"}\n  (Session info: chrome=123.0.6312.123)\nFor documentation on this error, please visit: https://www.selenium.dev/documentation/webdriver/troubleshooting/errors#no-such-element-exception\nBuild info: version: '4.19.1', revision: 'abe0ee07dc'\nSystem info: os.name: 'Windows 11', os.arch: 'amd64', os.version: '10.0', java.version: '17.0.9'\nDriver info: org.openqa.selenium.chrome.ChromeDriver\nCommand: [cbe67d7b4a1592670b3672db0f2b1d00, findElement {value=//input[@id='password-input'], using=xpath}]\nCapabilities {acceptInsecureCerts: false, browserName: chrome, browserVersion: 123.0.6312.123, chrome: {chromedriverVersion: 123.0.6312.105 (399174dbe6e..., userDataDir: C:\\Users\\syahmia\\AppData\\Lo...}, fedcm:accounts: true, goog:chromeOptions: {debuggerAddress: localhost:53870}, networkConnectionEnabled: false, pageLoadStrategy: normal, platformName: windows, proxy: Proxy(), se:cdp: ws://localhost:53870/devtoo..., se:cdpVersion: 123.0.6312.123, setWindowRect: true, strictFileInteractability: false, timeouts: {implicit: 0, pageLoad: 300000, script: 30000}, unhandledPromptBehavior: dismiss and notify, webauthn:extension:credBlob: true, webauthn:extension:largeBlob: true, webauthn:extension:minPinLength: true, webauthn:extension:prf: true, webauthn:virtualAuthenticators: true}\nSession ID: cbe67d7b4a1592670b3672db0f2b1d00\r\n\tat java.base/jdk.internal.reflect.NativeConstructorAccessorImpl.newInstance0(Native Method)\r\n\tat java.base/jdk.internal.reflect.NativeConstructorAccessorImpl.newInstance(NativeConstructorAccessorImpl.java:77)\r\n\tat java.base/jdk.internal.reflect.DelegatingConstructorAccessorImpl.newInstance(DelegatingConstructorAccessorImpl.java:45)\r\n\tat java.base/java.lang.reflect.Constructor.newInstanceWithCaller(Constructor.java:499)\r\n\tat java.base/java.lang.reflect.Constructor.newInstance(Constructor.java:480)\r\n\tat org.openqa.selenium.remote.ErrorCodec.decode(ErrorCodec.java:167)\r\n\tat org.openqa.selenium.remote.codec.w3c.W3CHttpResponseCodec.decode(W3CHttpResponseCodec.java:138)\r\n\tat org.openqa.selenium.remote.codec.w3c.W3CHttpResponseCodec.decode(W3CHttpResponseCodec.java:50)\r\n\tat org.openqa.selenium.remote.HttpCommandExecutor.execute(HttpCommandExecutor.java:190)\r\n\tat org.openqa.selenium.remote.service.DriverCommandExecutor.invokeExecute(DriverCommandExecutor.java:216)\r\n\tat org.openqa.selenium.remote.service.DriverCommandExecutor.execute(DriverCommandExecutor.java:174)\r\n\tat org.openqa.selenium.remote.RemoteWebDriver.execute(RemoteWebDriver.java:518)\r\n\tat org.openqa.selenium.remote.ElementLocation$ElementFinder$2.findElement(ElementLocation.java:165)\r\n\tat org.openqa.selenium.remote.ElementLocation.findElement(ElementLocation.java:59)\r\n\tat org.openqa.selenium.remote.RemoteWebDriver.findElement(RemoteWebDriver.java:355)\r\n\tat org.openqa.selenium.remote.RemoteWebDriver.findElement(RemoteWebDriver.java:349)\r\n\tat com.nabati.library.CommonLibrary.setUserPassword(CommonLibrary.java:38)\r\n\tat stepDefinition.LoginStepDefinitions.user_input_name_and_password(LoginStepDefinitions.java:36)\r\n\tat ✽.user login into web with hello@gmail.com and password 111111111(file:///C:/Users/syahmia/eclipse-workspace/AutomationToped/Features/loginPage.feature:6)\r\n","duration":4053807900,"status":"failed"},"line":6,"name":"user login into web with hello@gmail.com and password 111111111","match":{"arguments":[{"val":"hello@gmail.com","offset":25},{"val":"111111111","offset":54}],"location":"stepDefinition.LoginStepDefinitions.user_input_name_and_password(java.lang.String,java.lang.String)"},"keyword":"When "},{"result":{"duration":1003000,"status":"skipped"},"line":7,"name":"click login button","match":{"location":"stepDefinition.LoginStepDefinitions.click_login_button()"},"keyword":"And "},{"result":{"duration":1008500,"status":"skipped"},"line":8,"name":"user home page is displayed","match":{"location":"stepDefinition.LoginStepDefinitions.user_home_page_is_displayed()"},"keyword":"Then "}]},{"start_timestamp":"2024-04-19T05:51:23.721Z","line":14,"name":"Login to tokopedia Metode Lain","description":"","id":"login-tokopedia;login-to-tokopedia-metode-lain","type":"scenario","keyword":"Scenario","steps":[{"result":{"duration":20828256300,"status":"passed"},"line":15,"name":"Navigate to tokopedia login page","match":{"location":"stepDefinition.LoginStepDefinitions.navigate_to_tokopedia_login_page()"},"keyword":"Given "},{"result":{"duration":1282785600,"status":"passed"},"line":16,"name":"user click Metode lain button","match":{"location":"stepDefinition.LoginStepDefinitions.user_click_metode_lain()"},"keyword":"When "}]},{"start_timestamp":"2024-04-19T05:51:45.845Z","line":18,"name":"Successfully verify email the unregistered email","description":"","id":"login-tokopedia;successfully-verify-email-the-unregistered-email","type":"scenario","keyword":"Scenario","steps":[{"result":{"duration":13942683600,"status":"passed"},"line":19,"name":"Navigate to tokopedia login page","match":{"location":"stepDefinition.LoginStepDefinitions.navigate_to_tokopedia_login_page()"},"keyword":"Given "},{"result":{"duration":541731200,"status":"passed"},"line":20,"name":"user login into web with \"isjeiw@gmail.com\"","match":{"arguments":[{"val":"\"isjeiw@gmail.com\"","offset":25}],"location":"stepDefinition.LoginStepDefinitions.user_login_into_web(java.lang.String)"},"keyword":"When "},{"result":{"duration":101757700,"status":"passed"},"line":21,"name":"click next button","match":{"location":"stepDefinition.LoginStepDefinitions.click_next_button()"},"keyword":"And "},{"result":{"error_message":"java.lang.AssertionError: expected [Email belum terdaftar] but found []\r\n\tat org.testng.Assert.fail(Assert.java:111)\r\n\tat org.testng.Assert.failNotEquals(Assert.java:1578)\r\n\tat org.testng.Assert.assertEqualsImpl(Assert.java:150)\r\n\tat org.testng.Assert.assertEquals(Assert.java:132)\r\n\tat org.testng.Assert.assertEquals(Assert.java:656)\r\n\tat org.testng.Assert.assertEquals(Assert.java:666)\r\n\tat stepDefinition.LoginStepDefinitions.unregistered_popup_info_is_displayed(LoginStepDefinitions.java:70)\r\n\tat ✽.unregistered pop-up information is displayed(file:///C:/Users/syahmia/eclipse-workspace/AutomationToped/Features/loginPage.feature:22)\r\n","duration":671317700,"status":"failed"},"line":22,"name":"unregistered pop-up information is displayed","match":{"location":"stepDefinition.LoginStepDefinitions.unregistered_popup_info_is_displayed()"},"keyword":"Then "}]}],"name":"Login Tokopedia","description":"","id":"login-tokopedia","keyword":"Feature","uri":"file:Features/loginPage.feature","tags":[]}]